This is pdfTeX, Version 3.14159265-2.6-1.40.15 (TeX Live 2015/dev/Debian) (preloaded format=pdflatex 2015.9.5)  4 JUN 2016 18:58
entering extended mode
 \write18 enabled.
 %&-line parsing enabled.
**devguide.tex
(./devguide.tex
LaTeX2e <2014/05/01>
Babel <3.9l> and hyphenation patterns for 9 languages loaded.
(/usr/share/texlive/texmf-dist/tex/latex/base/book.cls
Document Class: book 2014/09/29 v1.4h Standard LaTeX document class
(/usr/share/texlive/texmf-dist/tex/latex/base/bk10.clo
File: bk10.clo 2014/09/29 v1.4h Standard LaTeX file (size option)
)
\c@part=\count79
\c@chapter=\count80
\c@section=\count81
\c@subsection=\count82
\c@subsubsection=\count83
\c@paragraph=\count84
\c@subparagraph=\count85
\c@figure=\count86
\c@table=\count87
\abovecaptionskip=\skip41
\belowcaptionskip=\skip42
\bibindent=\dimen102
)
(/usr/share/texlive/texmf-dist/tex/generic/babel/babel.sty
Package: babel 2014/09/25 3.9l The Babel package

(/usr/share/texlive/texmf-dist/tex/generic/babel-english/english.ldf
Language: english 2012/08/20 v3.3p English support from the babel system

(/usr/share/texlive/texmf-dist/tex/generic/babel/babel.def
File: babel.def 2014/09/25 3.9l Babel common definitions
\babel@savecnt=\count88
\U@D=\dimen103
)
\l@british = a dialect from \language\l@english 
\l@UKenglish = a dialect from \language\l@english 
\l@canadian = a dialect from \language\l@american 
\l@australian = a dialect from \language\l@british 
\l@newzealand = a dialect from \language\l@british 
))
(/usr/share/texlive/texmf-dist/tex/latex/graphics/color.sty
Package: color 2014/04/23 v1.1a Standard LaTeX Color (DPC)

(/usr/share/texlive/texmf-dist/tex/latex/latexconfig/color.cfg
File: color.cfg 2007/01/18 v1.5 color configuration of teTeX/TeXLive
)
Package color Info: Driver file: pdftex.def on input line 137.

(/usr/share/texlive/texmf-dist/tex/latex/pdftex-def/pdftex.def
File: pdftex.def 2011/05/27 v0.06d Graphics/color for pdfTeX

(/usr/share/texlive/texmf-dist/tex/generic/oberdiek/infwarerr.sty
Package: infwarerr 2010/04/08 v1.3 Providing info/warning/error messages (HO)
)
(/usr/share/texlive/texmf-dist/tex/generic/oberdiek/ltxcmds.sty
Package: ltxcmds 2011/11/09 v1.22 LaTeX kernel commands for general use (HO)
)
\Gread@gobject=\count89
))
(/usr/share/texlive/texmf-dist/tex/latex/psnfss/times.sty
Package: times 2005/04/12 PSNFSS-v9.2a (SPQR) 
)
(/usr/share/texlive/texmf-dist/tex/latex/amsfonts/amssymb.sty
Package: amssymb 2013/01/14 v3.01 AMS font symbols

(/usr/share/texlive/texmf-dist/tex/latex/amsfonts/amsfonts.sty
Package: amsfonts 2013/01/14 v3.01 Basic AMSFonts support
\@emptytoks=\toks14
\symAMSa=\mathgroup4
\symAMSb=\mathgroup5
LaTeX Font Info:    Overwriting math alphabet `\mathfrak' in version `bold'
(Font)                  U/euf/m/n --> U/euf/b/n on input line 106.
))
(/usr/share/texlive/texmf-dist/tex/latex/base/makeidx.sty
Package: makeidx 2014/09/29 v1.0m Standard LaTeX package
)
(/usr/share/texlive/texmf-dist/tex/latex/amsmath/amsmath.sty
Package: amsmath 2013/01/14 v2.14 AMS math features
\@mathmargin=\skip43

For additional information on amsmath, use the `?' option.
(/usr/share/texlive/texmf-dist/tex/latex/amsmath/amstext.sty
Package: amstext 2000/06/29 v2.01

(/usr/share/texlive/texmf-dist/tex/latex/amsmath/amsgen.sty
File: amsgen.sty 1999/11/30 v2.0
\@emptytoks=\toks15
\ex@=\dimen104
))
(/usr/share/texlive/texmf-dist/tex/latex/amsmath/amsbsy.sty
Package: amsbsy 1999/11/29 v1.2d
\pmbraise@=\dimen105
)
(/usr/share/texlive/texmf-dist/tex/latex/amsmath/amsopn.sty
Package: amsopn 1999/12/14 v2.01 operator names
)
\inf@bad=\count90
LaTeX Info: Redefining \frac on input line 210.
\uproot@=\count91
\leftroot@=\count92
LaTeX Info: Redefining \overline on input line 306.
\classnum@=\count93
\DOTSCASE@=\count94
LaTeX Info: Redefining \ldots on input line 378.
LaTeX Info: Redefining \dots on input line 381.
LaTeX Info: Redefining \cdots on input line 466.
\Mathstrutbox@=\box26
\strutbox@=\box27
\big@size=\dimen106
LaTeX Font Info:    Redeclaring font encoding OML on input line 566.
LaTeX Font Info:    Redeclaring font encoding OMS on input line 567.
\macc@depth=\count95
\c@MaxMatrixCols=\count96
\dotsspace@=\muskip10
\c@parentequation=\count97
\dspbrk@lvl=\count98
\tag@help=\toks16
\row@=\count99
\column@=\count100
\maxfields@=\count101
\andhelp@=\toks17
\eqnshift@=\dimen107
\alignsep@=\dimen108
\tagshift@=\dimen109
\tagwidth@=\dimen110
\totwidth@=\dimen111
\lineht@=\dimen112
\@envbody=\toks18
\multlinegap=\skip44
\multlinetaggap=\skip45
\mathdisplay@stack=\toks19
LaTeX Info: Redefining \[ on input line 2665.
LaTeX Info: Redefining \] on input line 2666.
)
(/usr/share/texlive/texmf-dist/tex/latex/tools/verbatim.sty
Package: verbatim 2014/10/28 v1.5q LaTeX2e package for verbatim enhancements
\every@verbatim=\toks20
\verbatim@line=\toks21
\verbatim@in@stream=\read1
)
(/usr/share/texlive/texmf-dist/tex/latex/vmargin/vmargin.sty
Package: vmargin 2004/07/15 V2.5 set document margins (VK)

Package: vmargin 2004/07/15 V2.5 set document margins (VK)
\PaperWidth=\dimen113
\PaperHeight=\dimen114
) (/usr/share/texlive/texmf-dist/tex/latex/base/t1enc.sty
Package: t1enc 1994/06/01 Standard LaTeX package
)
(/usr/share/texlive/texmf-dist/tex/latex/base/fontenc.sty
Package: fontenc 2005/09/27 v1.99g Standard LaTeX package

(/usr/share/texlive/texmf-dist/tex/latex/base/t1enc.def
File: t1enc.def 2005/09/27 v1.99g Standard LaTeX file
LaTeX Font Info:    Redeclaring font encoding T1 on input line 43.
))
(/usr/share/texlive/texmf-dist/tex/latex/base/inputenc.sty
Package: inputenc 2014/04/30 v1.2b Input encoding file
\inpenc@prehook=\toks22
\inpenc@posthook=\toks23

(/usr/share/texlive/texmf-dist/tex/latex/base/latin1.def
File: latin1.def 2014/04/30 v1.2b Input encoding file
))
(/usr/share/texlive/texmf-dist/tex/latex/graphics/graphicx.sty
Package: graphicx 2014/04/25 v1.0g Enhanced LaTeX Graphics (DPC,SPQR)

(/usr/share/texlive/texmf-dist/tex/latex/graphics/keyval.sty
Package: keyval 2014/05/08 v1.15 key=value parser (DPC)
\KV@toks@=\toks24
)
(/usr/share/texlive/texmf-dist/tex/latex/graphics/graphics.sty
Package: graphics 2009/02/05 v1.0o Standard LaTeX Graphics (DPC,SPQR)

(/usr/share/texlive/texmf-dist/tex/latex/graphics/trig.sty
Package: trig 1999/03/16 v1.09 sin cos tan (DPC)
)
(/usr/share/texlive/texmf-dist/tex/latex/latexconfig/graphics.cfg
File: graphics.cfg 2010/04/23 v1.9 graphics configuration of TeX Live
)
Package graphics Info: Driver file: pdftex.def on input line 91.
)
\Gin@req@height=\dimen115
\Gin@req@width=\dimen116
)
(./texStyleCommand/commands.tex)
(/usr/share/texlive/texmf-dist/tex/latex/minted/minted.sty
Package: minted 2011/09/17 v1.7 Yet another Pygments shim for LaTeX

(/usr/share/texlive/texmf-dist/tex/latex/fancyvrb/fancyvrb.sty
Package: fancyvrb 2008/02/07

Style option: `fancyvrb' v2.7a, with DG/SPQR fixes, and firstline=lastline fix 
<2008/02/07> (tvz)
\FV@CodeLineNo=\count102
\FV@InFile=\read2
\FV@TabBox=\box28
\c@FancyVerbLine=\count103
\FV@StepNumber=\count104
\FV@OutFile=\write3
) (/usr/share/texlive/texmf-dist/tex/latex/xcolor/xcolor.sty
Package: xcolor 2007/01/21 v2.11 LaTeX color extensions (UK)

(/usr/share/texlive/texmf-dist/tex/latex/latexconfig/color.cfg
File: color.cfg 2007/01/18 v1.5 color configuration of teTeX/TeXLive
)
Package xcolor Info: Driver file: pdftex.def on input line 225.
LaTeX Info: Redefining \color on input line 702.
Package xcolor Info: Model `cmy' substituted by `cmy0' on input line 1337.
Package xcolor Info: Model `hsb' substituted by `rgb' on input line 1341.
Package xcolor Info: Model `RGB' extended on input line 1353.
Package xcolor Info: Model `HTML' substituted by `rgb' on input line 1355.
Package xcolor Info: Model `Hsb' substituted by `hsb' on input line 1356.
Package xcolor Info: Model `tHsb' substituted by `hsb' on input line 1357.
Package xcolor Info: Model `HSB' substituted by `hsb' on input line 1358.
Package xcolor Info: Model `Gray' substituted by `gray' on input line 1359.
Package xcolor Info: Model `wave' substituted by `hsb' on input line 1360.
)
(/usr/share/texlive/texmf-dist/tex/latex/float/float.sty
Package: float 2001/11/08 v1.3d Float enhancements (AL)
\c@float@type=\count105
\float@exts=\toks25
\float@box=\box29
\@float@everytoks=\toks26
\@floatcapt=\box30
)
(/usr/share/texlive/texmf-dist/tex/latex/base/ifthen.sty
Package: ifthen 2014/09/29 v1.1c Standard LaTeX ifthen package (DPC)
)
(/usr/share/texlive/texmf-dist/tex/latex/tools/calc.sty
Package: calc 2014/10/28 v4.3 Infix arithmetic (KKT,FJ)
\calc@Acount=\count106
\calc@Bcount=\count107
\calc@Adimen=\dimen117
\calc@Bdimen=\dimen118
\calc@Askip=\skip46
\calc@Bskip=\skip47
LaTeX Info: Redefining \setlength on input line 75.
LaTeX Info: Redefining \addtolength on input line 76.
\calc@Ccount=\count108
\calc@Cskip=\skip48
)
(/usr/share/texlive/texmf-dist/tex/latex/ifplatform/ifplatform.sty
Package: ifplatform 2010/10/22 v0.4 Testing for the operating system

(/usr/share/texlive/texmf-dist/tex/generic/oberdiek/pdftexcmds.sty
Package: pdftexcmds 2011/11/29 v0.20 Utility functions of pdfTeX for LuaTeX (HO
)

(/usr/share/texlive/texmf-dist/tex/generic/oberdiek/ifluatex.sty
Package: ifluatex 2010/03/01 v1.3 Provides the ifluatex switch (HO)
Package ifluatex Info: LuaTeX not detected.
)
(/usr/share/texlive/texmf-dist/tex/generic/oberdiek/ifpdf.sty
Package: ifpdf 2011/01/30 v2.3 Provides the ifpdf switch (HO)
Package ifpdf Info: pdfTeX in PDF mode is detected.
)
Package pdftexcmds Info: LuaTeX not detected.
Package pdftexcmds Info: \pdf@primitive is available.
Package pdftexcmds Info: \pdf@ifprimitive is available.
Package pdftexcmds Info: \pdfdraftmode found.
)
(/usr/share/texlive/texmf-dist/tex/generic/oberdiek/catchfile.sty
Package: catchfile 2011/03/01 v1.6 Catch the contents of a file (HO)

(/usr/share/texlive/texmf-dist/tex/generic/oberdiek/etexcmds.sty
Package: etexcmds 2011/02/16 v1.5 Avoid name clashes with e-TeX commands (HO)
Package etexcmds Info: Could not find \expanded.
(etexcmds)             That can mean that you are not using pdfTeX 1.50 or
(etexcmds)             that some package has redefined \expanded.
(etexcmds)             In the latter case, load this package earlier.
))
runsystem(uname -s > "devguide.w18")...executed.


(./devguide.w18)
runsystem(rm -- "devguide.w18")...executed.

)
\minted@bgbox=\box31
\minted@code=\write4
\@float@every@listing=\toks27
\c@listing=\count109
)
runsystem(which pygmentize && touch devguide.aex)...executed.

runsystem(rm devguide.aex)...executed.

 (./devguide.aux)
\openout1 = `devguide.aux'.

LaTeX Font Info:    Checking defaults for OML/cmm/m/it on input line 26.
LaTeX Font Info:    ... okay on input line 26.
LaTeX Font Info:    Checking defaults for T1/cmr/m/n on input line 26.
LaTeX Font Info:    ... okay on input line 26.
LaTeX Font Info:    Checking defaults for OT1/cmr/m/n on input line 26.
LaTeX Font Info:    ... okay on input line 26.
LaTeX Font Info:    Checking defaults for OMS/cmsy/m/n on input line 26.
LaTeX Font Info:    ... okay on input line 26.
LaTeX Font Info:    Checking defaults for OMX/cmex/m/n on input line 26.
LaTeX Font Info:    ... okay on input line 26.
LaTeX Font Info:    Checking defaults for U/cmr/m/n on input line 26.
LaTeX Font Info:    ... okay on input line 26.
LaTeX Font Info:    Try loading font information for T1+ptm on input line 26.

(/usr/share/texlive/texmf-dist/tex/latex/psnfss/t1ptm.fd
File: t1ptm.fd 2001/06/04 font definitions for T1/ptm.
)
(/usr/share/texlive/texmf-dist/tex/context/base/supp-pdf.mkii
[Loading MPS to PDF converter (version 2006.09.02).]
\scratchcounter=\count110
\scratchdimen=\dimen119
\scratchbox=\box32
\nofMPsegments=\count111
\nofMParguments=\count112
\everyMPshowfont=\toks28
\MPscratchCnt=\count113
\MPscratchDim=\dimen120
\MPnumerator=\count114
\makeMPintoPDFobject=\count115
\everyMPtoPDFconversion=\toks29
) (/usr/share/texlive/texmf-dist/tex/latex/oberdiek/epstopdf-base.sty
Package: epstopdf-base 2010/02/09 v2.5 Base part for package epstopdf

(/usr/share/texlive/texmf-dist/tex/latex/oberdiek/grfext.sty
Package: grfext 2010/08/19 v1.1 Manage graphics extensions (HO)

(/usr/share/texlive/texmf-dist/tex/generic/oberdiek/kvdefinekeys.sty
Package: kvdefinekeys 2011/04/07 v1.3 Define keys (HO)
))
(/usr/share/texlive/texmf-dist/tex/latex/oberdiek/kvoptions.sty
Package: kvoptions 2011/06/30 v3.11 Key value format for package options (HO)

(/usr/share/texlive/texmf-dist/tex/generic/oberdiek/kvsetkeys.sty
Package: kvsetkeys 2012/04/25 v1.16 Key value parser (HO)
))
Package grfext Info: Graphics extension search list:
(grfext)             [.png,.pdf,.jpg,.mps,.jpeg,.jbig2,.jb2,.PNG,.PDF,.JPG,.JPE
G,.JBIG2,.JB2,.eps]
(grfext)             \AppendGraphicsExtensions on input line 452.

(/usr/share/texlive/texmf-dist/tex/latex/latexconfig/epstopdf-sys.cfg
File: epstopdf-sys.cfg 2010/07/13 v1.3 Configuration of (r)epstopdf for TeX Liv
e
))
runsystem(pygmentize -S default -f latex > devguide.pyg)...executed.


(./devguide.pyg)
</mdk/doc/devguide/m23biglogo.png, id=1, 339.2675pt x 253.94875pt>
File: /mdk/doc/devguide/m23biglogo.png Graphic file (type png)

<use /mdk/doc/devguide/m23biglogo.png>
Package pdftex.def Info: /mdk/doc/devguide/m23biglogo.png used on input line 27
.
(pdftex.def)             Requested size: 339.26666pt x 253.94812pt.
 (./version.tex)
LaTeX Font Info:    Try loading font information for U+msa on input line 27.

(/usr/share/texlive/texmf-dist/tex/latex/amsfonts/umsa.fd
File: umsa.fd 2013/01/14 v3.01 AMS symbols A
)
LaTeX Font Info:    Try loading font information for U+msb on input line 27.

(/usr/share/texlive/texmf-dist/tex/latex/amsfonts/umsb.fd
File: umsb.fd 2013/01/14 v3.01 AMS symbols B
) [1


{/var/lib/texmf/fonts/map/pdftex/updmap/pdftex.map} </mdk/doc/devguide/m23biglo
go.png>] [2

]
LaTeX Font Info:    Font shape `T1/ptm/bx/n' in size <24.88> not available
(Font)              Font shape `T1/ptm/b/n' tried instead on input line 28.

(./devguide.toc)
\tf@toc=\write5
\openout5 = `devguide.toc'.

 [3] [4

]
Chapter 1.
LaTeX Font Info:    Font shape `T1/ptm/bx/n' in size <20.74> not available
(Font)              Font shape `T1/ptm/b/n' tried instead on input line 31.
(./introduction.tex
LaTeX Font Info:    Font shape `T1/ptm/bx/n' in size <14.4> not available
(Font)              Font shape `T1/ptm/b/n' tried instead on input line 4.
LaTeX Font Info:    Try loading font information for OMS+ptm on input line 6.
 (/usr/share/texlive/texmf-dist/tex/latex/psnfss/omsptm.fd
File: omsptm.fd 
)
LaTeX Font Info:    Font shape `OMS/ptm/m/n' in size <10> not available
(Font)              Font shape `OMS/cmsy/m/n' tried instead on input line 6.
) (./gpl.tex [5] [6

]
Chapter 2.
LaTeX Font Info:    Font shape `T1/ptm/bx/n' in size <10> not available
(Font)              Font shape `T1/ptm/b/n' tried instead on input line 22.
LaTeX Font Info:    Font shape `T1/ptm/bx/n' in size <12> not available
(Font)              Font shape `T1/ptm/b/n' tried instead on input line 22.
[7] [8] [9]
Underfull \hbox (badness 10000) in paragraph at lines 362--364

 []

[10]
LaTeX Font Info:    Try loading font information for T1+pcr on input line 393.
 (/usr/share/texlive/texmf-dist/tex/latex/psnfss/t1pcr.fd
File: t1pcr.fd 2001/06/04 font definitions for T1/pcr.
)
Underfull \hbox (badness 10000) in paragraph at lines 404--406

 []

) [11] [12

]
Chapter 3.
(./mdk-menues.tex
Underfull \hbox (badness 10000) in paragraph at lines 2--3

 []


Underfull \hbox (badness 10000) in paragraph at lines 2--3

 []

) [13] [14

]
Chapter 4.
(./database.tex [15] [16] [17]) [18]
Chapter 5.
(./debian-update-howto.tex
Overfull \hbox (146.45163pt too wide) in paragraph at lines 8--9
[]\T1/ptm/m/n/10 Create an empty file (touch) with the re-lease name of the new
 dis-tri-bu-tion re-lease un-der /m23/data+scripts/distr/debian/debootstrap/scr
ipts/. 
 []

! Missing $ inserted.
<inserted text> 
                $
l.10 ... Add the new release to the list in DISTR_
                                                  releaseVersionTranslator.
? 
! Missing $ inserted.
<inserted text> 
                $
l.11 
     
? 
! Missing } inserted.
<inserted text> 
                }
l.11 
     
? 
! Extra }, or forgotten \endgroup.
\par ...m \@noitemerr {\@@par }\fi \else {\@@par }
                                                  \fi 
l.11 
     
? 

Overfull \hbox (36.48251pt too wide) in paragraph at lines 20--21
[]\T1/ptm/m/n/10 Develop miss-ing desk-top in-stal-la-tion scripts un-der /m23/
inc/distr/<distribution>/packages/m23<desktop>Install.php. 
 []


Overfull \hbox (99.71306pt too wide) in paragraph at lines 29--30
[]\T1/ptm/m/n/10 Generate the pack-age tem-plate files with /mdk/m23helper/getD
ebianTemplates and run /mdk/m23helper/template2confpage.sh
 []

) (./m23-release-howto.tex
! Missing $ inserted.
<inserted text> 
                $
l.5 	\item Run /mdk/bin/menuStart \Rightarrow
                                              fork \Rightarrow moveDevel2Rel...

? 

! LaTeX Error: Command \end{itemize} invalid in math mode.

See the LaTeX manual or LaTeX Companion for explanation.
Type  H <return>  for immediate help.
 ...                                              
                                                  
l.6 \end{itemize}
                 
? 

! LaTeX Error: Something's wrong--perhaps a missing \item.

See the LaTeX manual or LaTeX Companion for explanation.
Type  H <return>  for immediate help.
 ...                                              
                                                  
l.6 \end{itemize}
                 
? 

! LaTeX Error: Something's wrong--perhaps a missing \item.

See the LaTeX manual or LaTeX Companion for explanation.
Type  H <return>  for immediate help.
 ...                                              
                                                  
l.6 \end{itemize}
                 
? 
! Missing $ inserted.
<inserted text> 
                $
l.6 \end{itemize}
                 
? 
[19

]
Overfull \hbox (187.27084pt too wide) in paragraph at lines 16--17
[]\T1/ptm/m/n/10 Check, if all HTML en-ti-ties are in the HTML to La-TeX trans-
la-tion in-dex. Run: /mdk/doc/manual/bin/checkForMissingHTML2LatexEntities.sh 
 []


Overfull \hbox (13.12378pt too wide) in paragraph at lines 17--18
[]\T1/ptm/m/n/10 Check, if there are all screen-shots present. Run: /mdk/doc/ma
nual/bin/checkMissingScreenshots.sh 
 []

! Missing $ inserted.
<inserted text> 
                $
l.19 		\item Run /mdk/bin/menuStart \Rightarrow
                                                doc \Rightarrow manual
? 

! LaTeX Error: Command \item invalid in math mode.

See the LaTeX manual or LaTeX Companion for explanation.
Type  H <return>  for immediate help.
 ...                                              
                                                  
l.20 		\item
             Choose the language: \Rightarrow lang. Choose all
? 

! LaTeX Error: Something's wrong--perhaps a missing \item.

See the LaTeX manual or LaTeX Companion for explanation.
Type  H <return>  for immediate help.
 ...                                              
                                                  
l.20 		\item C
              hoose the language: \Rightarrow lang. Choose all
? 

! LaTeX Error: Something's wrong--perhaps a missing \item.

See the LaTeX manual or LaTeX Companion for explanation.
Type  H <return>  for immediate help.
 ...                                              
                                                  
l.20 		\item C
              hoose the language: \Rightarrow lang. Choose all
? 

! LaTeX Error: Command \item invalid in math mode.

See the LaTeX manual or LaTeX Companion for explanation.
Type  H <return>  for immediate help.
 ...                                              
                                                  
l.21 		\item
             Generate the tex files: \Rightarrow text
? 
! Missing $ inserted.
<inserted text> 
                $
l.21 		\item G
              enerate the tex files: \Rightarrow text
? 
! Missing } inserted.
<inserted text> 
                }
l.21 		\item G
              enerate the tex files: \Rightarrow text
? 
! Extra }, or forgotten \endgroup.
\par ...m \@noitemerr {\@@par }\fi \else {\@@par }
                                                  \fi 
l.21 		\item G
              enerate the tex files: \Rightarrow text
? 
! Missing $ inserted.
<inserted text> 
                $
l.21 		\item Generate the tex files: \Rightarrow
                                                 text
? 

! LaTeX Error: Command \item invalid in math mode.

See the LaTeX manual or LaTeX Companion for explanation.
Type  H <return>  for immediate help.
 ...                                              
                                                  
l.22 		\item
             Optimise the PNGs. \Rightarrow optimisePNGs
? 

! LaTeX Error: Something's wrong--perhaps a missing \item.

See the LaTeX manual or LaTeX Companion for explanation.
Type  H <return>  for immediate help.
 ...                                              
                                                  
l.22 		\item O
              ptimise the PNGs. \Rightarrow optimisePNGs
? 

! LaTeX Error: Something's wrong--perhaps a missing \item.

See the LaTeX manual or LaTeX Companion for explanation.
Type  H <return>  for immediate help.
 ...                                              
                                                  
l.22 		\item O
              ptimise the PNGs. \Rightarrow optimisePNGs
? 

! LaTeX Error: Command \item invalid in math mode.

See the LaTeX manual or LaTeX Companion for explanation.
Type  H <return>  for immediate help.
 ...                                              
                                                  
l.23 		\item
             Generate PDF and HTML version of the manual: \Rightarrow pdf-html
? 
! Missing $ inserted.
<inserted text> 
                $
l.23 		\item G
              enerate PDF and HTML version of the manual: \Rightarrow pdf-html
? 
! Missing } inserted.
<inserted text> 
                }
l.23 		\item G
              enerate PDF and HTML version of the manual: \Rightarrow pdf-html
? 
! Extra }, or forgotten \endgroup.
\par ...m \@noitemerr {\@@par }\fi \else {\@@par }
                                                  \fi 
l.23 		\item G
              enerate PDF and HTML version of the manual: \Rightarrow pdf-html
? 
! Missing $ inserted.
<inserted text> 
                $
l.23 ...nd HTML version of the manual: \Rightarrow
                                                   pdf-html
? 

! LaTeX Error: Command \item invalid in math mode.

See the LaTeX manual or LaTeX Companion for explanation.
Type  H <return>  for immediate help.
 ...                                              
                                                  
l.24 		\item
             Upload: \Rightarrow upload
? 

! LaTeX Error: Something's wrong--perhaps a missing \item.

See the LaTeX manual or LaTeX Companion for explanation.
Type  H <return>  for immediate help.
 ...                                              
                                                  
l.24 		\item U
              pload: \Rightarrow upload
? 

! LaTeX Error: Something's wrong--perhaps a missing \item.

See the LaTeX manual or LaTeX Companion for explanation.
Type  H <return>  for immediate help.
 ...                                              
                                                  
l.24 		\item U
              pload: \Rightarrow upload
? 

! LaTeX Error: Command \item invalid in math mode.

See the LaTeX manual or LaTeX Companion for explanation.
Type  H <return>  for immediate help.
 ...                                              
                                                  
l.25 		\item
             Go back
? 
! Missing $ inserted.
<inserted text> 
                $
l.25 		\item G
              o back
? 
! Missing } inserted.
<inserted text> 
                }
l.25 		\item G
              o back
? 
! Extra }, or forgotten \endgroup.
\par ...m \@noitemerr {\@@par }\fi \else {\@@par }
                                                  \fi 
l.25 		\item G
              o back
? 
! Missing $ inserted.
<inserted text> 
                $
l.30 ...m Build the development guide: \Rightarrow
                                                   devguide
? 

! LaTeX Error: Command \item invalid in math mode.

See the LaTeX manual or LaTeX Companion for explanation.
Type  H <return>  for immediate help.
 ...                                              
                                                  
l.31 		\item
             Generate it: \Rightarrow generate
? 

! LaTeX Error: Something's wrong--perhaps a missing \item.

See the LaTeX manual or LaTeX Companion for explanation.
Type  H <return>  for immediate help.
 ...                                              
                                                  
l.31 		\item G
              enerate it: \Rightarrow generate
? 

! LaTeX Error: Something's wrong--perhaps a missing \item.

See the LaTeX manual or LaTeX Companion for explanation.
Type  H <return>  for immediate help.
 ...                                              
                                                  
l.31 		\item G
              enerate it: \Rightarrow generate
? 

! LaTeX Error: Command \item invalid in math mode.

See the LaTeX manual or LaTeX Companion for explanation.
Type  H <return>  for immediate help.
 ...                                              
                                                  
l.32 		\item
             Upload: \Rightarrow upload
? 
! Missing $ inserted.
<inserted text> 
                $
l.32 		\item U
              pload: \Rightarrow upload
? 
! Missing } inserted.
<inserted text> 
                }
l.32 		\item U
              pload: \Rightarrow upload
? 
! Extra }, or forgotten \endgroup.
\par ...m \@noitemerr {\@@par }\fi \else {\@@par }
                                                  \fi 
l.32 		\item U
              pload: \Rightarrow upload
? 
! Missing $ inserted.
<inserted text> 
                $
l.32 		\item Upload: \Rightarrow
                                 upload
? 

! LaTeX Error: Command \end{itemize} invalid in math mode.

See the LaTeX manual or LaTeX Companion for explanation.
Type  H <return>  for immediate help.
 ...                                              
                                                  
l.33 	\end{itemize}
                   
? 

! LaTeX Error: Something's wrong--perhaps a missing \item.

See the LaTeX manual or LaTeX Companion for explanation.
Type  H <return>  for immediate help.
 ...                                              
                                                  
l.33 	\end{itemize}
                   
? 

! LaTeX Error: Something's wrong--perhaps a missing \item.

See the LaTeX manual or LaTeX Companion for explanation.
Type  H <return>  for immediate help.
 ...                                              
                                                  
l.33 	\end{itemize}
                   
? 
! Missing $ inserted.
<inserted text> 
                $
l.33 	\end{itemize}
                   
? 
! Missing $ inserted.
<inserted text> 
                $
l.42 		\item /mdk/bin/menuStart \Rightarrow
                                            debs \Rightarrow build
? 

! LaTeX Error: Command \item invalid in math mode.

See the LaTeX manual or LaTeX Companion for explanation.
Type  H <return>  for immediate help.
 ...                                              
                                                  
l.43 		\item
             Upload the packages, if all seems to be right: \Rightarrow dire...

? 

! LaTeX Error: Something's wrong--perhaps a missing \item.

See the LaTeX manual or LaTeX Companion for explanation.
Type  H <return>  for immediate help.
 ...                                              
                                                  
l.43 		\item U
              pload the packages, if all seems to be right: \Rightarrow dire...

? 

! LaTeX Error: Something's wrong--perhaps a missing \item.

See the LaTeX manual or LaTeX Companion for explanation.
Type  H <return>  for immediate help.
 ...                                              
                                                  
l.43 		\item U
              pload the packages, if all seems to be right: \Rightarrow dire...

? 

! LaTeX Error: Command \end{itemize} invalid in math mode.

See the LaTeX manual or LaTeX Companion for explanation.
Type  H <return>  for immediate help.
 ...                                              
                                                  
l.44 	\end{itemize}
                   
? 

! LaTeX Error: Something's wrong--perhaps a missing \item.

See the LaTeX manual or LaTeX Companion for explanation.
Type  H <return>  for immediate help.
 ...                                              
                                                  
l.44 	\end{itemize}
                   
? 

! LaTeX Error: Something's wrong--perhaps a missing \item.

See the LaTeX manual or LaTeX Companion for explanation.
Type  H <return>  for immediate help.
 ...                                              
                                                  
l.44 	\end{itemize}
                   
? 
! Missing $ inserted.
<inserted text> 
                $
l.44 	\end{itemize}
                   
? 

Overfull \hbox (3.08658pt too wide) in paragraph at lines 42--45
[]\T1/ptm/m/n/10 /mdk/bin/menuStart $\OMS/cmsy/m/n/10 ) \OML/cmm/m/it/10 debs \
OMS/cmsy/m/n/10 ) \OML/cmm/m/it/10 buildUploadthepackages; ifallseemstoberight 
\OT1/cmr/m/n/10 :\OMS/cmsy/m/n/10 ) \OML/cmm/m/it/10 directuplinst$ 
 []

! Missing $ inserted.
<inserted text> 
                $
l.47 		\item /mdk/bin/menuStart \Rightarrow
                                            serverISO \Rightarrow iso . Exit...

? 

! LaTeX Error: Command \item invalid in math mode.

See the LaTeX manual or LaTeX Companion for explanation.
Type  H <return>  for immediate help.
 ...                                              
                                                  
l.48 		\item
             Upload: cd /mdk/server; ./up iso.file
? 

! LaTeX Error: Something's wrong--perhaps a missing \item.

See the LaTeX manual or LaTeX Companion for explanation.
Type  H <return>  for immediate help.
 ...                                              
                                                  
l.48 		\item U
              pload: cd /mdk/server; ./up iso.file
? 

! LaTeX Error: Something's wrong--perhaps a missing \item.

See the LaTeX manual or LaTeX Companion for explanation.
Type  H <return>  for immediate help.
 ...                                              
                                                  
l.48 		\item U
              pload: cd /mdk/server; ./up iso.file
? 

! LaTeX Error: Command \end{itemize} invalid in math mode.

See the LaTeX manual or LaTeX Companion for explanation.
Type  H <return>  for immediate help.
 ...                                              
                                                  
l.49 	\end{itemize}
                   
? 

! LaTeX Error: Something's wrong--perhaps a missing \item.

See the LaTeX manual or LaTeX Companion for explanation.
Type  H <return>  for immediate help.
 ...                                              
                                                  
l.49 	\end{itemize}
                   
? 

! LaTeX Error: Something's wrong--perhaps a missing \item.

See the LaTeX manual or LaTeX Companion for explanation.
Type  H <return>  for immediate help.
 ...                                              
                                                  
l.49 	\end{itemize}
                   
? 
! Missing $ inserted.
<inserted text> 
                $
l.49 	\end{itemize}
                   
? 

Overfull \hbox (20.0067pt too wide) in paragraph at lines 47--50
[]\T1/ptm/m/n/10 /mdk/bin/menuStart $\OMS/cmsy/m/n/10 ) \OML/cmm/m/it/10 server
ISO \OMS/cmsy/m/n/10 ) \OML/cmm/m/it/10 iso:Exitafterbuilding:Upload \OT1/cmr/m
/n/10 : \OML/cmm/m/it/10 cd=mdk=server\OT1/cmr/m/n/10 ; \OML/cmm/m/it/10 :=upis
o:file$ 
 []

! Missing $ inserted.
<inserted text> 
                $
l.60 		\item Export it (m23server_
                                  xx.y_rock.ova) and compress (7zm / 7zr -t7...

? 

! LaTeX Error: Command \end{itemize} invalid in math mode.

See the LaTeX manual or LaTeX Companion for explanation.
Type  H <return>  for immediate help.
 ...                                              
                                                  
l.61 	\end{itemize}
                   
? 

! LaTeX Error: Something's wrong--perhaps a missing \item.

See the LaTeX manual or LaTeX Companion for explanation.
Type  H <return>  for immediate help.
 ...                                              
                                                  
l.61 	\end{itemize}
                   
? 

! LaTeX Error: Something's wrong--perhaps a missing \item.

See the LaTeX manual or LaTeX Companion for explanation.
Type  H <return>  for immediate help.
 ...                                              
                                                  
l.61 	\end{itemize}
                   
? 
! Missing $ inserted.
<inserted text> 
                $
l.61 	\end{itemize}
                   
? 
[20]
! Missing $ inserted.
<inserted text> 
                $
l.72 ...nable root login for SSH in /etc/ssh/sshd_
                                                  config
? 

! LaTeX Error: Command \item invalid in math mode.

See the LaTeX manual or LaTeX Companion for explanation.
Type  H <return>  for immediate help.
 ...                                              
                                                  
l.73 		\item
             Log out and log into it via SSH (user: root, password: test)
? 

! LaTeX Error: Something's wrong--perhaps a missing \item.

See the LaTeX manual or LaTeX Companion for explanation.
Type  H <return>  for immediate help.
 ...                                              
                                                  
l.73 		\item L
              og out and log into it via SSH (user: root, password: test)
? 

! LaTeX Error: Something's wrong--perhaps a missing \item.

See the LaTeX manual or LaTeX Companion for explanation.
Type  H <return>  for immediate help.
 ...                                              
                                                  
l.73 		\item L
              og out and log into it via SSH (user: root, password: test)
? 

! LaTeX Error: Command \item invalid in math mode.

See the LaTeX manual or LaTeX Companion for explanation.
Type  H <return>  for immediate help.
 ...                                              
                                                  
l.74 		\item
             Remove the user pi: userdel -r -f pi
? 
! Missing $ inserted.
<inserted text> 
                $
l.74 		\item R
              emove the user pi: userdel -r -f pi
? 
! Missing } inserted.
<inserted text> 
                }
l.74 		\item R
              emove the user pi: userdel -r -f pi
? 

Overfull \hbox (37.40605pt too wide) in paragraph at lines 72--74
[]\T1/ptm/m/n/10 Enable root lo-gin for SSH in /etc/ssh/sshd$[]\OML/cmm/m/it/10
 onfigLogoutandlogintoitviaSSH\OT1/cmr/m/n/10 (\OML/cmm/m/it/10 user \OT1/cmr/m
/n/10 : \OML/cmm/m/it/10 root; password \OT1/cmr/m/n/10 :
 []

! Extra }, or forgotten \endgroup.
\par ...m \@noitemerr {\@@par }\fi \else {\@@par }
                                                  \fi 
l.74 		\item R
              emove the user pi: userdel -r -f pi
? 
! Missing $ inserted.
<inserted text> 
                $
l.80 ... edit /etc/default/tftpd-hpa: Adjust TFTP_
                                                  OPTIONS="-4 --secure"
? 

! LaTeX Error: Command \item invalid in math mode.

See the LaTeX manual or LaTeX Companion for explanation.
Type  H <return>  for immediate help.
 ...                                              
                                                  
l.81 		\item
             Continue the installation with: apt-get install -f
? 

! LaTeX Error: Something's wrong--perhaps a missing \item.

See the LaTeX manual or LaTeX Companion for explanation.
Type  H <return>  for immediate help.
 ...                                              
                                                  
l.81 		\item C
              ontinue the installation with: apt-get install -f
? 

! LaTeX Error: Something's wrong--perhaps a missing \item.

See the LaTeX manual or LaTeX Companion for explanation.
Type  H <return>  for immediate help.
 ...                                              
                                                  
l.81 		\item C
              ontinue the installation with: apt-get install -f
? 

! LaTeX Error: Command \item invalid in math mode.

See the LaTeX manual or LaTeX Companion for explanation.
Type  H <return>  for immediate help.
 ...                                              
                                                  
l.82 		\item
             Run /mdk/m23helper/Raspbian-RemoveUnneededPackages.sh
? 
! Missing $ inserted.
<inserted text> 
                $
l.82 		\item R
              un /mdk/m23helper/Raspbian-RemoveUnneededPackages.sh
? 
! Missing } inserted.
<inserted text> 
                }
l.82 		\item R
              un /mdk/m23helper/Raspbian-RemoveUnneededPackages.sh
? 

Overfull \hbox (62.13945pt too wide) in paragraph at lines 80--82
[]\T1/ptm/m/n/10 After the fail-ure edit /etc/default/tftpd-hpa: Ad-just TFTP$[
]\OML/cmm/m/it/10 PTIONS \OT1/cmr/m/n/10 = " \OMS/cmsy/m/n/10 ^^@ \OT1/cmr/m/n/
10 4 \OMS/cmsy/m/n/10 ^^@ ^^@\OML/cmm/m/it/10 secure\OT1/cmr/m/n/10 "\OML/cmm/m
/it/10 Continuetheinstallationwith \OT1/cmr/m/n/10 :
 []

! Extra }, or forgotten \endgroup.
\par ...m \@noitemerr {\@@par }\fi \else {\@@par }
                                                  \fi 
l.82 		\item R
              un /mdk/m23helper/Raspbian-RemoveUnneededPackages.sh
? 
) (./translate.tex
Underfull \hbox (badness 10000) in paragraph at lines 4--6

 []

[21]
Underfull \hbox (badness 10000) in paragraph at lines 22--24

 []


Underfull \hbox (badness 10000) in paragraph at lines 22--24

 []

) (./generate_a_new_base_system.tex
Overfull \hbox (35.50415pt too wide) in paragraph at lines 41--1
\T1/ptm/m/n/10 Copy all *.hlp from the /m23/inc/help/<lang> di-rec-tory to your
 new help di-rec-tory. e.g. : copy /m23/inc/help/en/*.hlp
 []


Underfull \hbox (badness 10000) in paragraph at lines 41--1

 []

[22] [23]
Overfull \hbox (106.56847pt too wide) in paragraph at lines 82--82
[]\T1/pcr/m/n/10 mkinitrd -r /dev/hda3 -o /boot/initrd.img-2.4.20-1-386-sec /li
b/modules/2.4.20-1-386-sec/[] 
 []

) (./serverinstallcd.tex [24]) (./bootimage.tex
Underfull \hbox (badness 10000) in paragraph at lines 3--5

 []


Underfull \hbox (badness 10000) in paragraph at lines 17--18

 []

[25]
Overfull \hbox (10.56847pt too wide) in paragraph at lines 59--59
[]\T1/pcr/m/n/10 > mknbi-linux bzImage --first32pm --output=/m23/tftp/m23instal
l --ip=dhcp[] 
 []

) (./etherhdboot.tex
Overfull \hbox (19.97449pt too wide) in paragraph at lines 71--1
\T1/ptm/m/n/10 Copy your new ker-nel to bz-Im-age in the SDK di-rec-tory and do
n't for-get to copy the mod-ules to root2/lib/modules.
 []

[26]
Underfull \hbox (badness 10000) in paragraph at lines 4--5

 []


Overfull \hbox (10.56847pt too wide) in paragraph at lines 12--12
[]\T1/pcr/m/n/10 /* epic100.c: A SMC 83c170 EPIC/100 fast ethernet driver for E
therboot */[] 
 []


Overfull \hbox (10.56847pt too wide) in paragraph at lines 28--28
[]\T1/pcr/m/n/10 #define PKT_BUF_SZ      1536    /* Size of each temporary Tx/R
x buffer.*/[] 
 []

[27]
Overfull \hbox (100.56847pt too wide) in paragraph at lines 68--68
[]                                 \T1/pcr/m/n/10 unsigned int type, unsigned i
nt len, const char *data);[] 
 []


Overfull \hbox (40.56847pt too wide) in paragraph at lines 89--89
[]\T1/pcr/m/n/10 static unsigned int     cur_rx, cur_tx;         /* The next fr
ee ring entry */[] 
 []


Overfull \hbox (22.56847pt too wide) in paragraph at lines 93--93
[]\T1/pcr/m/n/10 static signed char      phys[4];                /* MII device 
addresses. */[] 
 []


Overfull \hbox (118.56847pt too wide) in paragraph at lines 98--98
[]\T1/pcr/m/n/10 #define tx_packet ((char *)0x10000 - PKT_BUF_SZ * RX_RING_SIZE
 - PKT_BUF_SZ * TX_RING_SIZE)[] 
 []


Underfull \vbox (badness 10000) has occurred while \output is active []

 [28]
Overfull \hbox (10.56847pt too wide) in paragraph at lines 104--104
[]\T1/pcr/m/n/10 /*************************************************************
**********/[] 
 []


Overfull \hbox (10.56847pt too wide) in paragraph at lines 105--105
[]\T1/pcr/m/n/10 /*                    Externally visible functions            
         */[] 
 []


Overfull \hbox (10.56847pt too wide) in paragraph at lines 106--106
[]\T1/pcr/m/n/10 /*************************************************************
**********/[] 
 []


Overfull \hbox (16.56847pt too wide) in paragraph at lines 142--142
[]\T1/pcr/m/n/10 epic100_transmit(struct nic *nic, const char *destaddr, unsign
ed int type,[] 
 []


Underfull \vbox (badness 10000) has occurred while \output is active []

 [29]
[30]
Underfull \hbox (badness 10000) in paragraph at lines 228--229

 []


Underfull \hbox (badness 10000) in paragraph at lines 235--236

 []

) (./serverupdate.tex [31]) (./scriptdebugging.tex [32])
(./additionalOptions4Packages.tex
Overfull \hbox (0.68369pt too wide) in paragraph at lines 5--6
\T1/ptm/m/it/10 /m23/data+scripts/distr/<distributionname>/packages di-rec-tory
\T1/ptm/m/n/10 . It is im-por-tant to put the *Op-tion-Page.php
 []

[33] [34]) [35] [36

]
Chapter 6.
(./mdoc.tex
Underfull \hbox (badness 10000) in paragraph at lines 13--14

 []

[37]) (./PatchSystem.tex [38]
Chapter 7.

Overfull \hbox (14.73447pt too wide) in paragraph at lines 14--15
\T1/ptm/m/n/10 area, "m23customPatchEnd" for its end. Both key-words must be in
 dif-fer-ent lines with "m23customPatchBegin"
 []

! You can't use `macro parameter character #' in horizontal mode.
l.22 	\item BASH notation: "#
                             m23customPatchBegin type=change id=logo"
? 
! You can't use `macro parameter character #' in horizontal mode.
l.31 	\item BASH notation: -Notation#
                                     m23customPatchEnd id=logo"
? 
runsystem(pygmentize -l html -f latex -F tokenmerge          -P funcnamehighlig
hting  -P linenos -P "verboptions= ,numbersep=5pt,frame=lines,framesep=2mm,font
series=sffamily,obeytabs,fontsize=\footnotesize " -o devguide.out.pyg code/m23c
ustomPatch-logo.php.html)...executed.

(./devguide.out.pyg

LaTeX Font Warning: Font shape `T1/pcr/sffamily/n' undefined
(Font)              using `T1/pcr/m/n' instead on input line 1.


LaTeX Font Warning: Font shape `T1/ptm/sffamily/n' undefined
(Font)              using `T1/ptm/m/n' instead on input line 2.


LaTeX Font Warning: Font shape `T1/pcr/sffamily/it' undefined
(Font)              using `T1/pcr/sffamily/n' instead on input line 2.

LaTeX Font Info:    Font shape `T1/pcr/bx/n' in size <8> not available
(Font)              Font shape `T1/pcr/b/n' tried instead on input line 3.
)

! Package xcolor Error: Undefined color `bgGray'.

See the xcolor package documentation for explanation.
Type  H <return>  for immediate help.
 ...                                              
                                                  
l.45 ...udeHTML{code/m23customPatch-logo.php.html}
                                                  
? 
runsystem(rm devguide.out.pyg)...executed.


Underfull \hbox (badness 10000) in paragraph at lines 45--46

 []

[39

]
runsystem(pygmentize -l html -f latex -F tokenmerge          -P funcnamehighlig
hting  -P linenos -P "verboptions= ,numbersep=5pt,frame=lines,framesep=2mm,font
series=sffamily,obeytabs,fontsize=\footnotesize " -o devguide.out.pyg code/m23c
ustomPatch-logo.php.m23customPatch)...executed.

 (./devguide.out.pyg)

! Package xcolor Error: Undefined color `bgGray'.

See the xcolor package documentation for explanation.
Type  H <return>  for immediate help.
 ...                                              
                                                  
l.56 ...de/m23customPatch-logo.php.m23customPatch}
                                                  
? 
runsystem(rm devguide.out.pyg)...executed.


Underfull \hbox (badness 10000) in paragraph at lines 56--57

 []

) [40]
Chapter 8.
(./m23api.tex [41

]
Underfull \hbox (badness 10000) in paragraph at lines 3--5

 []


Underfull \hbox (badness 10000) in paragraph at lines 7--8

 []


Underfull \hbox (badness 10000) in paragraph at lines 21--22

 []


Underfull \hbox (badness 10000) in paragraph at lines 24--25

 []

[42]
Underfull \hbox (badness 10000) in paragraph at lines 27--29

 []

[43] [44] [45]
Underfull \hbox (badness 10000) in paragraph at lines 169--171

 []

[46]
Underfull \hbox (badness 10000) in paragraph at lines 217--219

 []


Overfull \hbox (34.35518pt too wide) in paragraph at lines 252--253
\T1/ptm/b/n/10 Description: \T1/ptm/m/n/10 re-turns the sta-tus of the burner (
BURN-STATE_IDLE, BURN-STATE_BLANK, BURN-STATE_BURN) 
 []


Underfull \hbox (badness 10000) in paragraph at lines 252--253

 []


Underfull \hbox (badness 10000) in paragraph at lines 255--256

 []

[47] [48]
Underfull \hbox (badness 10000) in paragraph at lines 276--278

 []


Underfull \hbox (badness 10000) in paragraph at lines 312--313

 []


Underfull \hbox (badness 10000) in paragraph at lines 315--316

 []


Underfull \hbox (badness 10000) in paragraph at lines 318--319

 []


Underfull \hbox (badness 10000) in paragraph at lines 321--322

 []

[49]
Underfull \hbox (badness 10000) in paragraph at lines 324--325

 []


Underfull \hbox (badness 10000) in paragraph at lines 334--335

 []


Underfull \hbox (badness 10000) in paragraph at lines 337--338

 []

[50]
Underfull \hbox (badness 10000) in paragraph at lines 340--342

 []


Underfull \hbox (badness 10000) in paragraph at lines 360--361

 []


Underfull \hbox (badness 10000) in paragraph at lines 363--364

 []


Underfull \hbox (badness 10000) in paragraph at lines 366--367

 []

[51] [52]
Underfull \hbox (badness 10000) in paragraph at lines 457--458

 []


Underfull \hbox (badness 10000) in paragraph at lines 460--461

 []

[53]
Underfull \hbox (badness 10000) in paragraph at lines 519--520

 []


Underfull \hbox (badness 10000) in paragraph at lines 522--523

 []


Underfull \hbox (badness 10000) in paragraph at lines 525--526

 []


Underfull \hbox (badness 10000) in paragraph at lines 535--536

 []

[54] [55]
Overfull \hbox (32.3745pt too wide) in paragraph at lines 618--619
[]\T1/ptm/m/n/10 Associative ar-ray with the good, warn or bad an-swers, how to
 fetch the an-swer from the client/webbrowser/etc.
 []

[56]
Underfull \hbox (badness 10000) in paragraph at lines 630--632

 []


Overfull \hbox (52.49307pt too wide) in paragraph at lines 648--649
[]\T1/ptm/m/n/10 resetClientName: If set to true, the name of the client will b
e deleted too (and re-set by FDISK_fdiskSessionClient). 
 []

[57]
Underfull \hbox (badness 10000) in paragraph at lines 725--726

 []

[58]
Overfull \hbox (25.18378pt too wide) in paragraph at lines 792--794
\T1/ptm/b/n/10 Description: \T1/ptm/m/n/10 re-turnes the type of the drive (CFD
iskBa-sic::DISK_TYPE_IDE, CFDiskBa-sic::DISK_TYPE_SCSI) 
 []

[59] [60]
Underfull \hbox (badness 10000) in paragraph at lines 849--851

 []

[61] [62] [63] [64]
! Missing $ inserted.
<inserted text> 
                $
l.1055 \newpage\section{./inc/client_details.php}
                                                 
? 
! Missing $ inserted.
<inserted text> 
                $
l.1055 \newpage\section{./inc/client_details.php}
                                                 
? 

Underfull \hbox (badness 10000) in paragraph at lines 1056--1058

 []


Underfull \hbox (badness 10000) in paragraph at lines 1068--1069

 []

! Missing $ inserted.
<inserted text> 
                $
l.1091 \newpage
               \section{./inc/client.php}
? 
! Extra }, or forgotten $.
\MakeUppercase  ... {\uppercase {#1}}\reserved@a }
                                                  
l.1091 \newpage
               \section{./inc/client.php}
? 
! Missing $ inserted.
<inserted text> 
                $
l.1091 \newpage
               \section{./inc/client.php}
? 
! Missing } inserted.
<inserted text> 
                }
l.1091 \newpage
               \section{./inc/client.php}
? 
[65]
Underfull \hbox (badness 10000) in paragraph at lines 1092--1094

 []

[66] [67] [68]
Underfull \hbox (badness 10000) in paragraph at lines 1313--1314

 []

[69] [70]
Overfull \hbox (39.21573pt too wide) in paragraph at lines 1384--1385
[]\T1/ptm/m/n/10 clientAddType: can be CLIENT_ADD_TYPE_add if the client should
 be added, CLIENT_ADD_TYPE_define
 []


Underfull \hbox (badness 10000) in paragraph at lines 1410--1411

 []

[71] [72] [73] [74]
Overfull \hbox (11.99307pt too wide) in paragraph at lines 1623--1624
\T1/ptm/b/n/10 Description: \T1/ptm/m/n/10 re-turnes the client name of the cal
l-ing client or the client given by its ID ($_GET['m23clientID']). 
 []


Underfull \hbox (badness 10000) in paragraph at lines 1623--1624

 []

[75]
Underfull \hbox (badness 10000) in paragraph at lines 1641--1642

 []


Underfull \hbox (badness 10000) in paragraph at lines 1679--1680

 []

[76]
Underfull \hbox (badness 10000) in paragraph at lines 1733--1734

 []

[77] [78]
Underfull \hbox (badness 10000) in paragraph at lines 1787--1788

 []


Underfull \hbox (badness 10000) in paragraph at lines 1820--1821

 []

[79] [80]
Underfull \hbox (badness 10000) in paragraph at lines 1841--1843

 []


Underfull \hbox (badness 10000) in paragraph at lines 1845--1846

 []

[81] [82]
Underfull \hbox (badness 10000) in paragraph at lines 1970--1971

 []


Underfull \hbox (badness 10000) in paragraph at lines 1973--1974

 []

[83]
Underfull \hbox (badness 10000) in paragraph at lines 1976--1978

 []


Underfull \hbox (badness 10000) in paragraph at lines 1998--1999

 []

[84]
Underfull \hbox (badness 10000) in paragraph at lines 2039--2040

 []


Underfull \hbox (badness 10000) in paragraph at lines 2042--2043

 []


Underfull \hbox (badness 10000) in paragraph at lines 2045--2046

 []


Underfull \hbox (badness 10000) in paragraph at lines 2048--2049

 []


Underfull \hbox (badness 10000) in paragraph at lines 2058--2059

 []


Underfull \hbox (badness 10000) in paragraph at lines 2061--2062

 []

[85]
Underfull \hbox (badness 10000) in paragraph at lines 2109--2110

 []


Underfull \hbox (badness 10000) in paragraph at lines 2133--2134

 []

[86] [87] [88]
Underfull \hbox (badness 10000) in paragraph at lines 2206--2208

 []


Underfull \hbox (badness 10000) in paragraph at lines 2210--2211

 []

[89] [90] [91] [92]
Underfull \hbox (badness 10000) in paragraph at lines 2393--2395

 []

[93] [94]
Underfull \hbox (badness 10000) in paragraph at lines 2465--2467

 []

[95] [96] [97]
Underfull \hbox (badness 10000) in paragraph at lines 2626--2627

 []

[98]
Underfull \hbox (badness 10000) in paragraph at lines 2664--2666

 []


Underfull \hbox (badness 10000) in paragraph at lines 2668--2669

 []


Underfull \hbox (badness 10000) in paragraph at lines 2671--2672

 []


Underfull \hbox (badness 10000) in paragraph at lines 2708--2709

 []


Underfull \hbox (badness 10000) in paragraph at lines 2711--2712

 []

[99]
Underfull \hbox (badness 10000) in paragraph at lines 2714--2715

 []


Underfull \hbox (badness 10000) in paragraph at lines 2717--2718

 []


Underfull \hbox (badness 10000) in paragraph at lines 2746--2747

 []


Underfull \hbox (badness 10000) in paragraph at lines 2749--2750

 []

[100] [101]
Overfull \hbox (52.49307pt too wide) in paragraph at lines 2852--2853
[]\T1/ptm/m/n/10 resetClientName: If set to true, the name of the client will b
e deleted too (and re-set by FDISK_fdiskSessionClient). 
 []

[102] [103]
Overfull \hbox (64.33478pt too wide) in paragraph at lines 2992--2993
[]\T1/ptm/m/n/10 varType: de-fine part of the key for the as-so-cia-tive ar-ray
 (e.g. "type" means $param["dev$vDev"."part$vPart"."_type"]) 
 []

[104] [105] [106]
Underfull \hbox (badness 10000) in paragraph at lines 3106--3107

 []

[107] [108] [109] [110] [111] [112] [113]
Underfull \hbox (badness 10000) in paragraph at lines 3495--3496

 []

[114]
Overfull \hbox (8.12413pt too wide) in paragraph at lines 3520--3522
\T1/ptm/m/n/10 to the vari-ables. These val-ues can be used to ac-cess the file
 sys-tem via $param["dev$vDev"."part$vPart"."_fs"] 
 []

[115] [116] [117] [118] [119]
Underfull \hbox (badness 10000) in paragraph at lines 3730--3732

 []


Underfull \hbox (badness 10000) in paragraph at lines 3790--3791

 []

[120]
Underfull \hbox (badness 10000) in paragraph at lines 3793--3794

 []


Underfull \hbox (badness 10000) in paragraph at lines 3826--3827

 []

[121]
Underfull \hbox (badness 10000) in paragraph at lines 3838--3839

 []

[122]
Underfull \hbox (badness 10000) in paragraph at lines 3915--3916

 []

[123]
Underfull \hbox (badness 10000) in paragraph at lines 3934--3936

 []

[124]
Underfull \hbox (badness 10000) in paragraph at lines 4036--4037

 []

[125]
Underfull \hbox (badness 10000) in paragraph at lines 4095--4096

 []

[126] [127] [128] [129] [130]
Underfull \hbox (badness 10000) in paragraph at lines 4351--4352

 []


Underfull \hbox (badness 10000) in paragraph at lines 4354--4355

 []


Underfull \hbox (badness 10000) in paragraph at lines 4383--4384

 []

[131] [132]
Underfull \hbox (badness 10000) in paragraph at lines 4401--4403

 []

[133]
Underfull \hbox (badness 10000) in paragraph at lines 4441--4443

 []

[134] [135] [136]
Underfull \hbox (badness 10000) in paragraph at lines 4615--4616

 []


Underfull \hbox (badness 10000) in paragraph at lines 4618--4619

 []

[137] [138] [139] [140] [141] [142]
Underfull \hbox (badness 10000) in paragraph at lines 4925--4926

 []

[143] [144] [145] [146]
Underfull \hbox (badness 10000) in paragraph at lines 5081--5082

 []

[147]
Underfull \hbox (badness 10000) in paragraph at lines 5084--5086

 []

[148] [149]
Underfull \hbox (badness 10000) in paragraph at lines 5164--5166

 []

[150]
Underfull \hbox (badness 10000) in paragraph at lines 5234--5235

 []


Underfull \hbox (badness 10000) in paragraph at lines 5261--5262

 []

[151] [152]
Underfull \hbox (badness 10000) in paragraph at lines 5271--5273

 []

[153]
Underfull \hbox (badness 10000) in paragraph at lines 5359--5360

 []


Underfull \hbox (badness 10000) in paragraph at lines 5362--5363

 []


Underfull \hbox (badness 10000) in paragraph at lines 5379--5380

 []

[154]
Underfull \hbox (badness 10000) in paragraph at lines 5412--5413

 []

[155] [156]
Underfull \hbox (badness 10000) in paragraph at lines 5448--5450

 []


Underfull \hbox (badness 10000) in paragraph at lines 5452--5453

 []


Underfull \hbox (badness 10000) in paragraph at lines 5455--5456

 []


Underfull \hbox (badness 10000) in paragraph at lines 5465--5466

 []

[157]
Overfull \hbox (26.00636pt too wide) in paragraph at lines 5515--5516
[]\T1/ptm/m/n/10 payType: Pay-ment type (M23SHARED_PAYTYPE_EVAL, M23SHARED_PAYT
YPE_PROFESSIONAL) 
 []

[158]
Underfull \hbox (badness 10000) in paragraph at lines 5606--5607

 []

[159] [160] [161] [162] [163]
Underfull \hbox (badness 10000) in paragraph at lines 5846--5847

 []


Underfull \hbox (badness 10000) in paragraph at lines 5860--5861

 []


Underfull \hbox (badness 10000) in paragraph at lines 5884--5885

 []

[164]
Underfull \hbox (badness 10000) in paragraph at lines 5896--5897

 []


Underfull \hbox (badness 10000) in paragraph at lines 5899--5900

 []

[165]
Underfull \hbox (badness 10000) in paragraph at lines 5947--5948

 []


Underfull \hbox (badness 10000) in paragraph at lines 5964--5965

 []


Underfull \hbox (badness 10000) in paragraph at lines 5967--5968

 []


Underfull \hbox (badness 10000) in paragraph at lines 5970--5971

 []

[166]
Underfull \hbox (badness 10000) in paragraph at lines 5984--5986

 []


Underfull \hbox (badness 10000) in paragraph at lines 6012--6013

 []

[167] [168] [169] [170]
Underfull \hbox (badness 10000) in paragraph at lines 6198--6200

 []


Underfull \hbox (badness 10000) in paragraph at lines 6218--6219

 []

[171]
Underfull \hbox (badness 10000) in paragraph at lines 6221--6223

 []


Underfull \hbox (badness 10000) in paragraph at lines 6225--6226

 []

[172] [173] [174]
Underfull \hbox (badness 10000) in paragraph at lines 6372--6374

 []

[175] [176] [177] [178] [179] [180] [181] [182] [183] [184] [185] [186]
[187] [188] [189] [190]
Underfull \hbox (badness 10000) in paragraph at lines 7258--7259

 []

[191]
Underfull \hbox (badness 10000) in paragraph at lines 7293--7295

 []


Underfull \hbox (badness 10000) in paragraph at lines 7304--7305

 []


Underfull \hbox (badness 10000) in paragraph at lines 7307--7308

 []


Underfull \hbox (badness 10000) in paragraph at lines 7319--7320

 []

[192]
Underfull \hbox (badness 10000) in paragraph at lines 7322--7324

 []

[193] [194]
Underfull \hbox (badness 10000) in paragraph at lines 7451--7452

 []

[195] [196]
Underfull \hbox (badness 10000) in paragraph at lines 7490--7492

 []


Underfull \hbox (badness 10000) in paragraph at lines 7494--7495

 []


Underfull \hbox (badness 10000) in paragraph at lines 7497--7498

 []

[197]
Underfull \hbox (badness 10000) in paragraph at lines 7562--7563

 []

[198] [199]
Underfull \hbox (badness 10000) in paragraph at lines 7634--7636

 []


Underfull \hbox (badness 10000) in paragraph at lines 7638--7639

 []


Underfull \hbox (badness 10000) in paragraph at lines 7641--7642

 []


Underfull \hbox (badness 10000) in paragraph at lines 7644--7645

 []


Underfull \hbox (badness 10000) in paragraph at lines 7647--7648

 []


Underfull \hbox (badness 10000) in paragraph at lines 7650--7651

 []

[200] [201]
Underfull \hbox (badness 10000) in paragraph at lines 7712--7714

 []

[202] [203]
Underfull \hbox (badness 10000) in paragraph at lines 7778--7780

 []


Underfull \hbox (badness 10000) in paragraph at lines 7789--7790

 []

[204]
Underfull \hbox (badness 10000) in paragraph at lines 7799--7801

 []


Underfull \hbox (badness 10000) in paragraph at lines 7803--7804

 []

[205] [206] [207] [208]
Underfull \hbox (badness 10000) in paragraph at lines 8075--8076

 []

[209]
Underfull \hbox (badness 10000) in paragraph at lines 8078--8079

 []


Underfull \hbox (badness 10000) in paragraph at lines 8081--8082

 []


Underfull \hbox (badness 10000) in paragraph at lines 8084--8085

 []


Underfull \hbox (badness 10000) in paragraph at lines 8087--8088

 []

[210] [211] [212] [213]
Underfull \hbox (badness 10000) in paragraph at lines 8257--8259

 []

[214] [215] [216] [217] [218] [219] [220]
Underfull \hbox (badness 10000) in paragraph at lines 8615--8617

 []


Underfull \hbox (badness 10000) in paragraph at lines 8626--8627

 []

[221]
Underfull \hbox (badness 10000) in paragraph at lines 8647--8649

 []


Underfull \hbox (badness 10000) in paragraph at lines 8701--8702

 []

[222] [223]
Underfull \hbox (badness 10000) in paragraph at lines 8757--8758

 []

[224]
Underfull \hbox (badness 10000) in paragraph at lines 8834--8835

 []

[225] [226]
Underfull \hbox (badness 10000) in paragraph at lines 8956--8957

 []

[227] [228] [229]
Underfull \hbox (badness 10000) in paragraph at lines 9103--9104

 []


Underfull \hbox (badness 10000) in paragraph at lines 9106--9107

 []

[230] [231]
Overfull \hbox (21.5348pt too wide) in paragraph at lines 9226--9227
[]\T1/ptm/m/n/10 mac: MAC ad-dress of the vir-tual net-work card. It can be in 
the for-mat 12:23:34:45:56:78 or 122334455678. 
 []

[232] [233]) [234] (./devguide.aux)

LaTeX Font Warning: Some font shapes were not available, defaults substituted.


LaTeX Warning: Label(s) may have changed. Rerun to get cross-references right.

 ) 
Here is how much of TeX's memory you used:
 4740 strings out of 494945
 62151 string characters out of 6177917
 136195 words of memory out of 5000000
 7768 multiletter control sequences out of 15000+600000
 64423 words of font info for 85 fonts, out of 8000000 for 9000
 14 hyphenation exceptions out of 8191
 37i,8n,37p,1080b,438s stack positions out of 5000i,500n,10000p,200000b,80000s
{/usr/share/texlive/texmf-dist/fonts/enc/dvips/base/8r.enc}</usr/share/texliv
e/texmf-dist/fonts/type1/public/amsfonts/cm/cmmi10.pfb></usr/share/texlive/texm
f-dist/fonts/type1/public/amsfonts/cm/cmmi12.pfb></usr/share/texlive/texmf-dist
/fonts/type1/public/amsfonts/cm/cmmi7.pfb></usr/share/texlive/texmf-dist/fonts/
type1/public/amsfonts/cm/cmr10.pfb></usr/share/texlive/texmf-dist/fonts/type1/p
ublic/amsfonts/cm/cmsy10.pfb></usr/share/texlive/texmf-dist/fonts/type1/urw/cou
rier/ucrb8a.pfb></usr/share/texlive/texmf-dist/fonts/type1/urw/courier/ucrr8a.p
fb></usr/share/texlive/texmf-dist/fonts/type1/urw/times/utmb8a.pfb></usr/share/
texlive/texmf-dist/fonts/type1/urw/times/utmr8a.pfb></usr/share/texlive/texmf-d
ist/fonts/type1/urw/times/utmr8a.pfb></usr/share/texlive/texmf-dist/fonts/type1
/urw/times/utmri8a.pfb>
Output written on devguide.pdf (234 pages, 418240 bytes).
PDF statistics:
 808 PDF objects out of 1000 (max. 8388607)
 553 compressed objects within 6 object streams
 0 named destinations out of 1000 (max. 500000)
 6 words of extra memory for PDF output out of 10000 (max. 10000000)

